2026-03-07 09:54:10,442 - nexus - ERROR - Deployment failed
Traceback (most recent call last):
  File "/home/fthnwell/git_stuff/NexusDeploy/nexus-deploy/.venv/lib/python3.14/site-packages/urllib3/connectionpool.py", line 787, in urlopen
    response = self._make_request(
        conn,
    ...<10 lines>...
        **response_kw,
    )
  File "/home/fthnwell/git_stuff/NexusDeploy/nexus-deploy/.venv/lib/python3.14/site-packages/urllib3/connectionpool.py", line 493, in _make_request
    conn.request(
    ~~~~~~~~~~~~^
        method,
        ^^^^^^^
    ...<6 lines>...
        enforce_content_length=enforce_content_length,
        ^^^^^^^^^^^^^^^^^^^^^^^^^^^^^^^^^^^^^^^^^^^^^^
    )
    ^
  File "/home/fthnwell/git_stuff/NexusDeploy/nexus-deploy/.venv/lib/python3.14/site-packages/urllib3/connection.py", line 500, in request
    self.endheaders()
    ~~~~~~~~~~~~~~~^^
  File "/usr/lib/python3.14/http/client.py", line 1353, in endheaders
    self._send_output(message_body, encode_chunked=encode_chunked)
    ~~~~~~~~~~~~~~~~~^^^^^^^^^^^^^^^^^^^^^^^^^^^^^^^^^^^^^^^^^^^^^
  File "/usr/lib/python3.14/http/client.py", line 1113, in _send_output
    self.send(msg)
    ~~~~~~~~~^^^^^
  File "/usr/lib/python3.14/http/client.py", line 1057, in send
    self.connect()
    ~~~~~~~~~~~~^^
  File "/home/fthnwell/git_stuff/NexusDeploy/nexus-deploy/.venv/lib/python3.14/site-packages/docker/transport/unixconn.py", line 26, in connect
    sock.connect(self.unix_socket)
    ~~~~~~~~~~~~^^^^^^^^^^^^^^^^^^
PermissionError: [Errno 13] Permission denied

During handling of the above exception, another exception occurred:

Traceback (most recent call last):
  File "/home/fthnwell/git_stuff/NexusDeploy/nexus-deploy/.venv/lib/python3.14/site-packages/requests/adapters.py", line 644, in send
    resp = conn.urlopen(
        method=request.method,
    ...<9 lines>...
        chunked=chunked,
    )
  File "/home/fthnwell/git_stuff/NexusDeploy/nexus-deploy/.venv/lib/python3.14/site-packages/urllib3/connectionpool.py", line 841, in urlopen
    retries = retries.increment(
        method, url, error=new_e, _pool=self, _stacktrace=sys.exc_info()[2]
    )
  File "/home/fthnwell/git_stuff/NexusDeploy/nexus-deploy/.venv/lib/python3.14/site-packages/urllib3/util/retry.py", line 490, in increment
    raise reraise(type(error), error, _stacktrace)
          ~~~~~~~^^^^^^^^^^^^^^^^^^^^^^^^^^^^^^^^^
  File "/home/fthnwell/git_stuff/NexusDeploy/nexus-deploy/.venv/lib/python3.14/site-packages/urllib3/util/util.py", line 38, in reraise
    raise value.with_traceback(tb)
  File "/home/fthnwell/git_stuff/NexusDeploy/nexus-deploy/.venv/lib/python3.14/site-packages/urllib3/connectionpool.py", line 787, in urlopen
    response = self._make_request(
        conn,
    ...<10 lines>...
        **response_kw,
    )
  File "/home/fthnwell/git_stuff/NexusDeploy/nexus-deploy/.venv/lib/python3.14/site-packages/urllib3/connectionpool.py", line 493, in _make_request
    conn.request(
    ~~~~~~~~~~~~^
        method,
        ^^^^^^^
    ...<6 lines>...
        enforce_content_length=enforce_content_length,
        ^^^^^^^^^^^^^^^^^^^^^^^^^^^^^^^^^^^^^^^^^^^^^^
    )
    ^
  File "/home/fthnwell/git_stuff/NexusDeploy/nexus-deploy/.venv/lib/python3.14/site-packages/urllib3/connection.py", line 500, in request
    self.endheaders()
    ~~~~~~~~~~~~~~~^^
  File "/usr/lib/python3.14/http/client.py", line 1353, in endheaders
    self._send_output(message_body, encode_chunked=encode_chunked)
    ~~~~~~~~~~~~~~~~~^^^^^^^^^^^^^^^^^^^^^^^^^^^^^^^^^^^^^^^^^^^^^
  File "/usr/lib/python3.14/http/client.py", line 1113, in _send_output
    self.send(msg)
    ~~~~~~~~~^^^^^
  File "/usr/lib/python3.14/http/client.py", line 1057, in send
    self.connect()
    ~~~~~~~~~~~~^^
  File "/home/fthnwell/git_stuff/NexusDeploy/nexus-deploy/.venv/lib/python3.14/site-packages/docker/transport/unixconn.py", line 26, in connect
    sock.connect(self.unix_socket)
    ~~~~~~~~~~~~^^^^^^^^^^^^^^^^^^
urllib3.exceptions.ProtocolError: ('Connection aborted.', PermissionError(13, 'Permission denied'))

During handling of the above exception, another exception occurred:

Traceback (most recent call last):
  File "/home/fthnwell/git_stuff/NexusDeploy/nexus-deploy/.venv/lib/python3.14/site-packages/docker/api/client.py", line 223, in _retrieve_server_version
    return self.version(api_version=False)["ApiVersion"]
           ~~~~~~~~~~~~^^^^^^^^^^^^^^^^^^^
  File "/home/fthnwell/git_stuff/NexusDeploy/nexus-deploy/.venv/lib/python3.14/site-packages/docker/api/daemon.py", line 181, in version
    return self._result(self._get(url), json=True)
                        ~~~~~~~~~^^^^^
  File "/home/fthnwell/git_stuff/NexusDeploy/nexus-deploy/.venv/lib/python3.14/site-packages/docker/utils/decorators.py", line 44, in inner
    return f(self, *args, **kwargs)
  File "/home/fthnwell/git_stuff/NexusDeploy/nexus-deploy/.venv/lib/python3.14/site-packages/docker/api/client.py", line 246, in _get
    return self.get(url, **self._set_request_timeout(kwargs))
           ~~~~~~~~^^^^^^^^^^^^^^^^^^^^^^^^^^^^^^^^^^^^^^^^^^
  File "/home/fthnwell/git_stuff/NexusDeploy/nexus-deploy/.venv/lib/python3.14/site-packages/requests/sessions.py", line 602, in get
    return self.request("GET", url, **kwargs)
           ~~~~~~~~~~~~^^^^^^^^^^^^^^^^^^^^^^
  File "/home/fthnwell/git_stuff/NexusDeploy/nexus-deploy/.venv/lib/python3.14/site-packages/requests/sessions.py", line 589, in request
    resp = self.send(prep, **send_kwargs)
  File "/home/fthnwell/git_stuff/NexusDeploy/nexus-deploy/.venv/lib/python3.14/site-packages/requests/sessions.py", line 703, in send
    r = adapter.send(request, **kwargs)
  File "/home/fthnwell/git_stuff/NexusDeploy/nexus-deploy/.venv/lib/python3.14/site-packages/requests/adapters.py", line 659, in send
    raise ConnectionError(err, request=request)
requests.exceptions.ConnectionError: ('Connection aborted.', PermissionError(13, 'Permission denied'))

The above exception was the direct cause of the following exception:

Traceback (most recent call last):
  File "/home/fthnwell/git_stuff/NexusDeploy/nexus-deploy/cli.py", line 21, in deploy
    deploy_app(folder)
    ~~~~~~~~~~^^^^^^^^
  File "/home/fthnwell/git_stuff/NexusDeploy/nexus-deploy/core/engine.py", line 61, in deploy_app
    pre_flight_checks(manifest.infrastructure.networks, manifest.infrastructure.volumes)
    ~~~~~~~~~~~~~~~~~^^^^^^^^^^^^^^^^^^^^^^^^^^^^^^^^^^^^^^^^^^^^^^^^^^^^^^^^^^^^^^^^^^^
  File "/home/fthnwell/git_stuff/NexusDeploy/nexus-deploy/core/docker_mgr.py", line 102, in pre_flight_checks
    client = get_client()
  File "/home/fthnwell/git_stuff/NexusDeploy/nexus-deploy/core/docker_mgr.py", line 7, in get_client
    return docker.from_env()
           ~~~~~~~~~~~~~~~^^
  File "/home/fthnwell/git_stuff/NexusDeploy/nexus-deploy/.venv/lib/python3.14/site-packages/docker/client.py", line 94, in from_env
    return cls(
        timeout=timeout,
    ...<3 lines>...
        **kwargs_from_env(**kwargs)
    )
  File "/home/fthnwell/git_stuff/NexusDeploy/nexus-deploy/.venv/lib/python3.14/site-packages/docker/client.py", line 45, in __init__
    self.api = APIClient(*args, **kwargs)
               ~~~~~~~~~^^^^^^^^^^^^^^^^^
  File "/home/fthnwell/git_stuff/NexusDeploy/nexus-deploy/.venv/lib/python3.14/site-packages/docker/api/client.py", line 207, in __init__
    self._version = self._retrieve_server_version()
                    ~~~~~~~~~~~~~~~~~~~~~~~~~~~~~^^
  File "/home/fthnwell/git_stuff/NexusDeploy/nexus-deploy/.venv/lib/python3.14/site-packages/docker/api/client.py", line 230, in _retrieve_server_version
    raise DockerException(
        f'Error while fetching server API version: {e}'
    ) from e
docker.errors.DockerException: Error while fetching server API version: ('Connection aborted.', PermissionError(13, 'Permission denied'))
